<?xml version="1.0" encoding="utf-8"?>
<TestRun id="37b3458f-5235-4d03-9a5f-deb1113ca841" name="@Sipkes-MacBook-Air 2026-09-24 05:22:12" xmlns="http://microsoft.com/schemas/VisualStudio/TeamTest/2010">
  <Times creation="2026-09-24T05:22:12.6705860+02:00" queuing="2026-09-24T05:22:12.6705860+02:00" start="2026-09-24T05:22:11.8866740+02:00" finish="2026-09-24T05:22:12.6737160+02:00" />
  <TestSettings name="default" id="5ae8c632-0170-438a-aa3b-000ebbb99d2d">
    <Deployment runDeploymentRoot="_Sipkes-MacBook-Air_2026-09-24_05_22_12" />
  </TestSettings>
  <Results>
    <UnitTestResult executionId="d860ae5a-8ee6-406b-9545-30a09c6b0976" testId="80f27c45-59c2-b957-91b7-2cd7eb4e2c60" testName="Elsa.DevOps.GitHub.UnitTests.GitHubActivityIdentityTests.UnaffectedNeighboringGitHubActivitiesKeepTheirExistingContracts" computerName="Sipkes-MacBook-Air" duration="00:00:00.0197454" startTime="2026-09-24T05:22:12.4819830+02:00" endTime="2026-09-24T05:22:12.4955470+02:00" testType="13cdc9d9-ddb5-4fa4-a97d-d965ccfc6d4b" outcome="Passed" testListId="8c84fa94-04c1-424b-9868-57a2d4851a1d" relativeResultsDirectory="d860ae5a-8ee6-406b-9545-30a09c6b0976" />
    <UnitTestResult executionId="0e315e4b-5c45-4333-8e36-bb3ac0b6c77e" testId="19eab772-b482-2ea0-880a-b3b63b911897" testName="Elsa.DevOps.GitHub.UnitTests.GitHubActivityIdentityTests.WorkflowDefinitionModelUsesRootActivityShapeAndCanEmitMigrationFixture" computerName="Sipkes-MacBook-Air" duration="00:00:00.0349539" startTime="2026-09-24T05:22:12.5137670+02:00" endTime="2026-09-24T05:22:12.5494840+02:00" testType="13cdc9d9-ddb5-4fa4-a97d-d965ccfc6d4b" outcome="Passed" testListId="8c84fa94-04c1-424b-9868-57a2d4851a1d" relativeResultsDirectory="0e315e4b-5c45-4333-8e36-bb3ac0b6c77e" />
    <UnitTestResult executionId="346650e4-96d6-475d-96c4-3ff0483977ac" testId="c2b9d691-78ad-4bc5-babb-45fa6f5f0308" testName="Elsa.DevOps.GitHub.UnitTests.GitHubActivityIdentityTests.V2ActivitiesKeepTheirLogicalNameAndVersionForDirectAndDescriptorConstruction" computerName="Sipkes-MacBook-Air" duration="00:00:00.0179935" startTime="2026-09-24T05:22:12.4963160+02:00" endTime="2026-09-24T05:22:12.5135140+02:00" testType="13cdc9d9-ddb5-4fa4-a97d-d965ccfc6d4b" outcome="Passed" testListId="8c84fa94-04c1-424b-9868-57a2d4851a1d" relativeResultsDirectory="346650e4-96d6-475d-96c4-3ff0483977ac" />
    <UnitTestResult executionId="f15996ab-38db-4297-9238-c446ff6c4e46" testId="9e27abd5-7591-4235-2afa-64dfd8414a3d" testName="Elsa.DevOps.GitHub.UnitTests.GitHubActivityIdentityTests.FourReleasedV1ShapesRetainTheirProviderInputsAndVersionlessPayloadIsRejectedByLatestV2Dispatch" computerName="Sipkes-MacBook-Air" duration="00:00:00.0304885" startTime="2026-09-24T05:22:12.5830300+02:00" endTime="2026-09-24T05:22:12.6128550+02:00" testType="13cdc9d9-ddb5-4fa4-a97d-d965ccfc6d4b" outcome="Passed" testListId="8c84fa94-04c1-424b-9868-57a2d4851a1d" relativeResultsDirectory="f15996ab-38db-4297-9238-c446ff6c4e46" />
    <UnitTestResult executionId="f13636e3-7775-40ea-bfd7-6815839b0b97" testId="6aea5d9e-14da-06f4-e3c9-dd882963ac36" testName="Elsa.DevOps.GitHub.UnitTests.GitHubActivityIdentityTests.BothActivitySerializerEntryPointsRoundTripFourRootActivitiesWithoutIdCollisions" computerName="Sipkes-MacBook-Air" duration="00:00:00.0336252" startTime="2026-09-24T05:22:12.5497870+02:00" endTime="2026-09-24T05:22:12.5829090+02:00" testType="13cdc9d9-ddb5-4fa4-a97d-d965ccfc6d4b" outcome="Passed" testListId="8c84fa94-04c1-424b-9868-57a2d4851a1d" relativeResultsDirectory="f13636e3-7775-40ea-bfd7-6815839b0b97" />
    <UnitTestResult executionId="ecfbbcf0-95b1-4abd-8697-71881742b97c" testId="a196acc0-92d2-2584-e289-235946a10c30" testName="Elsa.DevOps.GitHub.UnitTests.GitHubActivityIdentityTests.BothActivitySerializerEntryPointsRoundTripActivitiesNestedInSequence" computerName="Sipkes-MacBook-Air" duration="00:00:00.2165660" startTime="2026-09-24T05:22:12.2551580+02:00" endTime="2026-09-24T05:22:12.4758950+02:00" testType="13cdc9d9-ddb5-4fa4-a97d-d965ccfc6d4b" outcome="Passed" testListId="8c84fa94-04c1-424b-9868-57a2d4851a1d" relativeResultsDirectory="ecfbbcf0-95b1-4abd-8697-71881742b97c" />
  </Results>
  <TestDefinitions>
    <UnitTest name="Elsa.DevOps.GitHub.UnitTests.GitHubActivityIdentityTests.BothActivitySerializerEntryPointsRoundTripActivitiesNestedInSequence" storage="/private/tmp/elsa-8325-artifacts/github-id-replay-final2/github-activity-id-replay-bujqd9vf/extensions/test/modules/devops/elsa.devops.github.unittests/bin/debug/net10.0/elsa.devops.github.unittests.dll" id="a196acc0-92d2-2584-e289-235946a10c30">
      <Execution id="ecfbbcf0-95b1-4abd-8697-71881742b97c" />
      <TestMethod codeBase="/private/tmp/elsa-8325-artifacts/github-id-replay-final2/github-activity-id-replay-bujqd9vf/extensions/test/modules/devops/Elsa.DevOps.GitHub.UnitTests/bin/Debug/net10.0/Elsa.DevOps.GitHub.UnitTests.dll" adapterTypeName="executor://xunit/VsTestRunner3/netcore/" className="Elsa.DevOps.GitHub.UnitTests.GitHubActivityIdentityTests" name="BothActivitySerializerEntryPointsRoundTripActivitiesNestedInSequence" />
    </UnitTest>
    <UnitTest name="Elsa.DevOps.GitHub.UnitTests.GitHubActivityIdentityTests.FourReleasedV1ShapesRetainTheirProviderInputsAndVersionlessPayloadIsRejectedByLatestV2Dispatch" storage="/private/tmp/elsa-8325-artifacts/github-id-replay-final2/github-activity-id-replay-bujqd9vf/extensions/test/modules/devops/elsa.devops.github.unittests/bin/debug/net10.0/elsa.devops.github.unittests.dll" id="9e27abd5-7591-4235-2afa-64dfd8414a3d">
      <Execution id="f15996ab-38db-4297-9238-c446ff6c4e46" />
      <TestMethod codeBase="/private/tmp/elsa-8325-artifacts/github-id-replay-final2/github-activity-id-replay-bujqd9vf/extensions/test/modules/devops/Elsa.DevOps.GitHub.UnitTests/bin/Debug/net10.0/Elsa.DevOps.GitHub.UnitTests.dll" adapterTypeName="executor://xunit/VsTestRunner3/netcore/" className="Elsa.DevOps.GitHub.UnitTests.GitHubActivityIdentityTests" name="FourReleasedV1ShapesRetainTheirProviderInputsAndVersionlessPayloadIsRejectedByLatestV2Dispatch" />
    </UnitTest>
    <UnitTest name="Elsa.DevOps.GitHub.UnitTests.GitHubActivityIdentityTests.WorkflowDefinitionModelUsesRootActivityShapeAndCanEmitMigrationFixture" storage="/private/tmp/elsa-8325-artifacts/github-id-replay-final2/github-activity-id-replay-bujqd9vf/extensions/test/modules/devops/elsa.devops.github.unittests/bin/debug/net10.0/elsa.devops.github.unittests.dll" id="19eab772-b482-2ea0-880a-b3b63b911897">
      <Execution id="0e315e4b-5c45-4333-8e36-bb3ac0b6c77e" />
      <TestMethod codeBase="/private/tmp/elsa-8325-artifacts/github-id-replay-final2/github-activity-id-replay-bujqd9vf/extensions/test/modules/devops/Elsa.DevOps.GitHub.UnitTests/bin/Debug/net10.0/Elsa.DevOps.GitHub.UnitTests.dll" adapterTypeName="executor://xunit/VsTestRunner3/netcore/" className="Elsa.DevOps.GitHub.UnitTests.GitHubActivityIdentityTests" name="WorkflowDefinitionModelUsesRootActivityShapeAndCanEmitMigrationFixture" />
    </UnitTest>
    <UnitTest name="Elsa.DevOps.GitHub.UnitTests.GitHubActivityIdentityTests.BothActivitySerializerEntryPointsRoundTripFourRootActivitiesWithoutIdCollisions" storage="/private/tmp/elsa-8325-artifacts/github-id-replay-final2/github-activity-id-replay-bujqd9vf/extensions/test/modules/devops/elsa.devops.github.unittests/bin/debug/net10.0/elsa.devops.github.unittests.dll" id="6aea5d9e-14da-06f4-e3c9-dd882963ac36">
      <Execution id="f13636e3-7775-40ea-bfd7-6815839b0b97" />
      <TestMethod codeBase="/private/tmp/elsa-8325-artifacts/github-id-replay-final2/github-activity-id-replay-bujqd9vf/extensions/test/modules/devops/Elsa.DevOps.GitHub.UnitTests/bin/Debug/net10.0/Elsa.DevOps.GitHub.UnitTests.dll" adapterTypeName="executor://xunit/VsTestRunner3/netcore/" className="Elsa.DevOps.GitHub.UnitTests.GitHubActivityIdentityTests" name="BothActivitySerializerEntryPointsRoundTripFourRootActivitiesWithoutIdCollisions" />
    </UnitTest>
    <UnitTest name="Elsa.DevOps.GitHub.UnitTests.GitHubActivityIdentityTests.UnaffectedNeighboringGitHubActivitiesKeepTheirExistingContracts" storage="/private/tmp/elsa-8325-artifacts/github-id-replay-final2/github-activity-id-replay-bujqd9vf/extensions/test/modules/devops/elsa.devops.github.unittests/bin/debug/net10.0/elsa.devops.github.unittests.dll" id="80f27c45-59c2-b957-91b7-2cd7eb4e2c60">
      <Execution id="d860ae5a-8ee6-406b-9545-30a09c6b0976" />
      <TestMethod codeBase="/private/tmp/elsa-8325-artifacts/github-id-replay-final2/github-activity-id-replay-bujqd9vf/extensions/test/modules/devops/Elsa.DevOps.GitHub.UnitTests/bin/Debug/net10.0/Elsa.DevOps.GitHub.UnitTests.dll" adapterTypeName="executor://xunit/VsTestRunner3/netcore/" className="Elsa.DevOps.GitHub.UnitTests.GitHubActivityIdentityTests" name="UnaffectedNeighboringGitHubActivitiesKeepTheirExistingContracts" />
    </UnitTest>
    <UnitTest name="Elsa.DevOps.GitHub.UnitTests.GitHubActivityIdentityTests.V2ActivitiesKeepTheirLogicalNameAndVersionForDirectAndDescriptorConstruction" storage="/private/tmp/elsa-8325-artifacts/github-id-replay-final2/github-activity-id-replay-bujqd9vf/extensions/test/modules/devops/elsa.devops.github.unittests/bin/debug/net10.0/elsa.devops.github.unittests.dll" id="c2b9d691-78ad-4bc5-babb-45fa6f5f0308">
      <Execution id="346650e4-96d6-475d-96c4-3ff0483977ac" />
      <TestMethod codeBase="/private/tmp/elsa-8325-artifacts/github-id-replay-final2/github-activity-id-replay-bujqd9vf/extensions/test/modules/devops/Elsa.DevOps.GitHub.UnitTests/bin/Debug/net10.0/Elsa.DevOps.GitHub.UnitTests.dll" adapterTypeName="executor://xunit/VsTestRunner3/netcore/" className="Elsa.DevOps.GitHub.UnitTests.GitHubActivityIdentityTests" name="V2ActivitiesKeepTheirLogicalNameAndVersionForDirectAndDescriptorConstruction" />
    </UnitTest>
  </TestDefinitions>
  <TestEntries>
    <TestEntry testId="80f27c45-59c2-b957-91b7-2cd7eb4e2c60" executionId="d860ae5a-8ee6-406b-9545-30a09c6b0976" testListId="8c84fa94-04c1-424b-9868-57a2d4851a1d" />
    <TestEntry testId="19eab772-b482-2ea0-880a-b3b63b911897" executionId="0e315e4b-5c45-4333-8e36-bb3ac0b6c77e" testListId="8c84fa94-04c1-424b-9868-57a2d4851a1d" />
    <TestEntry testId="c2b9d691-78ad-4bc5-babb-45fa6f5f0308" executionId="346650e4-96d6-475d-96c4-3ff0483977ac" testListId="8c84fa94-04c1-424b-9868-57a2d4851a1d" />
    <TestEntry testId="9e27abd5-7591-4235-2afa-64dfd8414a3d" executionId="f15996ab-38db-4297-9238-c446ff6c4e46" testListId="8c84fa94-04c1-424b-9868-57a2d4851a1d" />
    <TestEntry testId="6aea5d9e-14da-06f4-e3c9-dd882963ac36" executionId="f13636e3-7775-40ea-bfd7-6815839b0b97" testListId="8c84fa94-04c1-424b-9868-57a2d4851a1d" />
    <TestEntry testId="a196acc0-92d2-2584-e289-235946a10c30" executionId="ecfbbcf0-95b1-4abd-8697-71881742b97c" testListId="8c84fa94-04c1-424b-9868-57a2d4851a1d" />
  </TestEntries>
  <TestLists>
    <TestList name="Results Not in a List" id="8c84fa94-04c1-424b-9868-57a2d4851a1d" />
    <TestList name="All Loaded Results" id="19431567-8539-422a-85d7-44ee4e166bda" />
  </TestLists>
  <ResultSummary outcome="Completed">
    <Counters total="6" executed="6" passed="6" failed="0" error="0" timeout="0" aborted="0" inconclusive="0" passedButRunAborted="0" notRunnable="0" notExecuted="0" disconnected="0" warning="0" completed="0" inProgress="0" pending="0" />
    <Output>
      <StdOut>[xUnit.net 00:00:00.00] xUnit.net VSTest Adapter v3.1.5+1b188a7b0a (64-bit .NET 10.0.8)
[xUnit.net 00:00:00.05]   Discovering: Elsa.DevOps.GitHub.UnitTests
[xUnit.net 00:00:00.07]   Discovered:  Elsa.DevOps.GitHub.UnitTests
[xUnit.net 00:00:00.08]   Starting:    Elsa.DevOps.GitHub.UnitTests
[xUnit.net 00:00:00.45]   Finished:    Elsa.DevOps.GitHub.UnitTests
</StdOut>
    </Output>
  </ResultSummary>
</TestRun>