<?xml version="1.0" encoding="utf-8"?>
<TestRun id="207cea8f-82f3-4d86-83ee-1480297387fa" name="@Sipkes-MacBook-Air 2026-09-24 10:59:27" xmlns="http://microsoft.com/schemas/VisualStudio/TeamTest/2010">
  <Times creation="2026-09-24T10:59:27.8358870+02:00" queuing="2026-09-24T10:59:27.8358870+02:00" start="2026-09-24T10:59:27.0178790+02:00" finish="2026-09-24T10:59:27.8388100+02:00" />
  <TestSettings name="default" id="28553842-72dc-460a-a4f9-474b01ff6c93">
    <Deployment runDeploymentRoot="_Sipkes-MacBook-Air_2026-09-24_10_59_27" />
  </TestSettings>
  <Results>
    <UnitTestResult executionId="99ae53ab-4172-43fc-9a80-7c42a046cb55" testId="6aea5d9e-14da-06f4-e3c9-dd882963ac36" testName="Elsa.DevOps.GitHub.UnitTests.GitHubActivityIdentityTests.BothActivitySerializerEntryPointsRoundTripFourRootActivitiesWithoutIdCollisions" computerName="Sipkes-MacBook-Air" duration="00:00:00.0251194" startTime="2026-09-24T10:59:27.7300300+02:00" endTime="2026-09-24T10:59:27.7551080+02:00" testType="13cdc9d9-ddb5-4fa4-a97d-d965ccfc6d4b" outcome="Passed" testListId="8c84fa94-04c1-424b-9868-57a2d4851a1d" relativeResultsDirectory="99ae53ab-4172-43fc-9a80-7c42a046cb55" />
    <UnitTestResult executionId="6d23f7e3-596c-42a0-8857-4ba5df2e84ce" testId="9e27abd5-7591-4235-2afa-64dfd8414a3d" testName="Elsa.DevOps.GitHub.UnitTests.GitHubActivityIdentityTests.FourReleasedV1ShapesRetainTheirProviderInputsAndVersionlessPayloadIsRejectedByLatestV2Dispatch" computerName="Sipkes-MacBook-Air" duration="00:00:00.0214348" startTime="2026-09-24T10:59:27.7552400+02:00" endTime="2026-09-24T10:59:27.7765890+02:00" testType="13cdc9d9-ddb5-4fa4-a97d-d965ccfc6d4b" outcome="Passed" testListId="8c84fa94-04c1-424b-9868-57a2d4851a1d" relativeResultsDirectory="6d23f7e3-596c-42a0-8857-4ba5df2e84ce" />
    <UnitTestResult executionId="487f9009-0faf-48ca-8543-aedc9419a278" testId="19eab772-b482-2ea0-880a-b3b63b911897" testName="Elsa.DevOps.GitHub.UnitTests.GitHubActivityIdentityTests.WorkflowDefinitionModelUsesRootActivityShapeAndCanEmitMigrationFixture" computerName="Sipkes-MacBook-Air" duration="00:00:00.0272028" startTime="2026-09-24T10:59:27.7027230+02:00" endTime="2026-09-24T10:59:27.7299180+02:00" testType="13cdc9d9-ddb5-4fa4-a97d-d965ccfc6d4b" outcome="Passed" testListId="8c84fa94-04c1-424b-9868-57a2d4851a1d" relativeResultsDirectory="487f9009-0faf-48ca-8543-aedc9419a278" />
    <UnitTestResult executionId="eccfdbce-00d0-4f12-a860-f57d3245b4b3" testId="c2b9d691-78ad-4bc5-babb-45fa6f5f0308" testName="Elsa.DevOps.GitHub.UnitTests.GitHubActivityIdentityTests.V2ActivitiesKeepTheirLogicalNameAndVersionForDirectAndDescriptorConstruction" computerName="Sipkes-MacBook-Air" duration="00:00:00.0116910" startTime="2026-09-24T10:59:27.6912440+02:00" endTime="2026-09-24T10:59:27.7026380+02:00" testType="13cdc9d9-ddb5-4fa4-a97d-d965ccfc6d4b" outcome="Passed" testListId="8c84fa94-04c1-424b-9868-57a2d4851a1d" relativeResultsDirectory="eccfdbce-00d0-4f12-a860-f57d3245b4b3" />
    <UnitTestResult executionId="55b25e3c-85c1-4ef5-8a25-fe59d665d936" testId="80f27c45-59c2-b957-91b7-2cd7eb4e2c60" testName="Elsa.DevOps.GitHub.UnitTests.GitHubActivityIdentityTests.UnaffectedNeighboringGitHubActivitiesKeepTheirExistingContracts" computerName="Sipkes-MacBook-Air" duration="00:00:00.0183699" startTime="2026-09-24T10:59:27.6775720+02:00" endTime="2026-09-24T10:59:27.6909300+02:00" testType="13cdc9d9-ddb5-4fa4-a97d-d965ccfc6d4b" outcome="Passed" testListId="8c84fa94-04c1-424b-9868-57a2d4851a1d" relativeResultsDirectory="55b25e3c-85c1-4ef5-8a25-fe59d665d936" />
    <UnitTestResult executionId="8827324b-c8e8-4c71-adec-ac39572ed1b9" testId="a196acc0-92d2-2584-e289-235946a10c30" testName="Elsa.DevOps.GitHub.UnitTests.GitHubActivityIdentityTests.BothActivitySerializerEntryPointsRoundTripActivitiesNestedInSequence" computerName="Sipkes-MacBook-Air" duration="00:00:00.2127285" startTime="2026-09-24T10:59:27.4564970+02:00" endTime="2026-09-24T10:59:27.6723740+02:00" testType="13cdc9d9-ddb5-4fa4-a97d-d965ccfc6d4b" outcome="Passed" testListId="8c84fa94-04c1-424b-9868-57a2d4851a1d" relativeResultsDirectory="8827324b-c8e8-4c71-adec-ac39572ed1b9" />
  </Results>
  <TestDefinitions>
    <UnitTest name="Elsa.DevOps.GitHub.UnitTests.GitHubActivityIdentityTests.BothActivitySerializerEntryPointsRoundTripActivitiesNestedInSequence" storage="/private/tmp/elsa-8325-artifacts/github-id-isolated-cache-final5/github-activity-id-replay-3ohdb19n/extensions/test/modules/devops/elsa.devops.github.unittests/bin/debug/net10.0/elsa.devops.github.unittests.dll" id="a196acc0-92d2-2584-e289-235946a10c30">
      <Execution id="8827324b-c8e8-4c71-adec-ac39572ed1b9" />
      <TestMethod codeBase="/private/tmp/elsa-8325-artifacts/github-id-isolated-cache-final5/github-activity-id-replay-3ohdb19n/extensions/test/modules/devops/Elsa.DevOps.GitHub.UnitTests/bin/Debug/net10.0/Elsa.DevOps.GitHub.UnitTests.dll" adapterTypeName="executor://xunit/VsTestRunner3/netcore/" className="Elsa.DevOps.GitHub.UnitTests.GitHubActivityIdentityTests" name="BothActivitySerializerEntryPointsRoundTripActivitiesNestedInSequence" />
    </UnitTest>
    <UnitTest name="Elsa.DevOps.GitHub.UnitTests.GitHubActivityIdentityTests.FourReleasedV1ShapesRetainTheirProviderInputsAndVersionlessPayloadIsRejectedByLatestV2Dispatch" storage="/private/tmp/elsa-8325-artifacts/github-id-isolated-cache-final5/github-activity-id-replay-3ohdb19n/extensions/test/modules/devops/elsa.devops.github.unittests/bin/debug/net10.0/elsa.devops.github.unittests.dll" id="9e27abd5-7591-4235-2afa-64dfd8414a3d">
      <Execution id="6d23f7e3-596c-42a0-8857-4ba5df2e84ce" />
      <TestMethod codeBase="/private/tmp/elsa-8325-artifacts/github-id-isolated-cache-final5/github-activity-id-replay-3ohdb19n/extensions/test/modules/devops/Elsa.DevOps.GitHub.UnitTests/bin/Debug/net10.0/Elsa.DevOps.GitHub.UnitTests.dll" adapterTypeName="executor://xunit/VsTestRunner3/netcore/" className="Elsa.DevOps.GitHub.UnitTests.GitHubActivityIdentityTests" name="FourReleasedV1ShapesRetainTheirProviderInputsAndVersionlessPayloadIsRejectedByLatestV2Dispatch" />
    </UnitTest>
    <UnitTest name="Elsa.DevOps.GitHub.UnitTests.GitHubActivityIdentityTests.WorkflowDefinitionModelUsesRootActivityShapeAndCanEmitMigrationFixture" storage="/private/tmp/elsa-8325-artifacts/github-id-isolated-cache-final5/github-activity-id-replay-3ohdb19n/extensions/test/modules/devops/elsa.devops.github.unittests/bin/debug/net10.0/elsa.devops.github.unittests.dll" id="19eab772-b482-2ea0-880a-b3b63b911897">
      <Execution id="487f9009-0faf-48ca-8543-aedc9419a278" />
      <TestMethod codeBase="/private/tmp/elsa-8325-artifacts/github-id-isolated-cache-final5/github-activity-id-replay-3ohdb19n/extensions/test/modules/devops/Elsa.DevOps.GitHub.UnitTests/bin/Debug/net10.0/Elsa.DevOps.GitHub.UnitTests.dll" adapterTypeName="executor://xunit/VsTestRunner3/netcore/" className="Elsa.DevOps.GitHub.UnitTests.GitHubActivityIdentityTests" name="WorkflowDefinitionModelUsesRootActivityShapeAndCanEmitMigrationFixture" />
    </UnitTest>
    <UnitTest name="Elsa.DevOps.GitHub.UnitTests.GitHubActivityIdentityTests.BothActivitySerializerEntryPointsRoundTripFourRootActivitiesWithoutIdCollisions" storage="/private/tmp/elsa-8325-artifacts/github-id-isolated-cache-final5/github-activity-id-replay-3ohdb19n/extensions/test/modules/devops/elsa.devops.github.unittests/bin/debug/net10.0/elsa.devops.github.unittests.dll" id="6aea5d9e-14da-06f4-e3c9-dd882963ac36">
      <Execution id="99ae53ab-4172-43fc-9a80-7c42a046cb55" />
      <TestMethod codeBase="/private/tmp/elsa-8325-artifacts/github-id-isolated-cache-final5/github-activity-id-replay-3ohdb19n/extensions/test/modules/devops/Elsa.DevOps.GitHub.UnitTests/bin/Debug/net10.0/Elsa.DevOps.GitHub.UnitTests.dll" adapterTypeName="executor://xunit/VsTestRunner3/netcore/" className="Elsa.DevOps.GitHub.UnitTests.GitHubActivityIdentityTests" name="BothActivitySerializerEntryPointsRoundTripFourRootActivitiesWithoutIdCollisions" />
    </UnitTest>
    <UnitTest name="Elsa.DevOps.GitHub.UnitTests.GitHubActivityIdentityTests.UnaffectedNeighboringGitHubActivitiesKeepTheirExistingContracts" storage="/private/tmp/elsa-8325-artifacts/github-id-isolated-cache-final5/github-activity-id-replay-3ohdb19n/extensions/test/modules/devops/elsa.devops.github.unittests/bin/debug/net10.0/elsa.devops.github.unittests.dll" id="80f27c45-59c2-b957-91b7-2cd7eb4e2c60">
      <Execution id="55b25e3c-85c1-4ef5-8a25-fe59d665d936" />
      <TestMethod codeBase="/private/tmp/elsa-8325-artifacts/github-id-isolated-cache-final5/github-activity-id-replay-3ohdb19n/extensions/test/modules/devops/Elsa.DevOps.GitHub.UnitTests/bin/Debug/net10.0/Elsa.DevOps.GitHub.UnitTests.dll" adapterTypeName="executor://xunit/VsTestRunner3/netcore/" className="Elsa.DevOps.GitHub.UnitTests.GitHubActivityIdentityTests" name="UnaffectedNeighboringGitHubActivitiesKeepTheirExistingContracts" />
    </UnitTest>
    <UnitTest name="Elsa.DevOps.GitHub.UnitTests.GitHubActivityIdentityTests.V2ActivitiesKeepTheirLogicalNameAndVersionForDirectAndDescriptorConstruction" storage="/private/tmp/elsa-8325-artifacts/github-id-isolated-cache-final5/github-activity-id-replay-3ohdb19n/extensions/test/modules/devops/elsa.devops.github.unittests/bin/debug/net10.0/elsa.devops.github.unittests.dll" id="c2b9d691-78ad-4bc5-babb-45fa6f5f0308">
      <Execution id="eccfdbce-00d0-4f12-a860-f57d3245b4b3" />
      <TestMethod codeBase="/private/tmp/elsa-8325-artifacts/github-id-isolated-cache-final5/github-activity-id-replay-3ohdb19n/extensions/test/modules/devops/Elsa.DevOps.GitHub.UnitTests/bin/Debug/net10.0/Elsa.DevOps.GitHub.UnitTests.dll" adapterTypeName="executor://xunit/VsTestRunner3/netcore/" className="Elsa.DevOps.GitHub.UnitTests.GitHubActivityIdentityTests" name="V2ActivitiesKeepTheirLogicalNameAndVersionForDirectAndDescriptorConstruction" />
    </UnitTest>
  </TestDefinitions>
  <TestEntries>
    <TestEntry testId="6aea5d9e-14da-06f4-e3c9-dd882963ac36" executionId="99ae53ab-4172-43fc-9a80-7c42a046cb55" testListId="8c84fa94-04c1-424b-9868-57a2d4851a1d" />
    <TestEntry testId="9e27abd5-7591-4235-2afa-64dfd8414a3d" executionId="6d23f7e3-596c-42a0-8857-4ba5df2e84ce" testListId="8c84fa94-04c1-424b-9868-57a2d4851a1d" />
    <TestEntry testId="19eab772-b482-2ea0-880a-b3b63b911897" executionId="487f9009-0faf-48ca-8543-aedc9419a278" testListId="8c84fa94-04c1-424b-9868-57a2d4851a1d" />
    <TestEntry testId="c2b9d691-78ad-4bc5-babb-45fa6f5f0308" executionId="eccfdbce-00d0-4f12-a860-f57d3245b4b3" testListId="8c84fa94-04c1-424b-9868-57a2d4851a1d" />
    <TestEntry testId="80f27c45-59c2-b957-91b7-2cd7eb4e2c60" executionId="55b25e3c-85c1-4ef5-8a25-fe59d665d936" testListId="8c84fa94-04c1-424b-9868-57a2d4851a1d" />
    <TestEntry testId="a196acc0-92d2-2584-e289-235946a10c30" executionId="8827324b-c8e8-4c71-adec-ac39572ed1b9" testListId="8c84fa94-04c1-424b-9868-57a2d4851a1d" />
  </TestEntries>
  <TestLists>
    <TestList name="Results Not in a List" id="8c84fa94-04c1-424b-9868-57a2d4851a1d" />
    <TestList name="All Loaded Results" id="19431567-8539-422a-85d7-44ee4e166bda" />
  </TestLists>
  <ResultSummary outcome="Completed">
    <Counters total="6" executed="6" passed="6" failed="0" error="0" timeout="0" aborted="0" inconclusive="0" passedButRunAborted="0" notRunnable="0" notExecuted="0" disconnected="0" warning="0" completed="0" inProgress="0" pending="0" />
    <Output>
      <StdOut>[xUnit.net 00:00:00.00] xUnit.net VSTest Adapter v3.1.5+1b188a7b0a (64-bit .NET 10.0.8)
[xUnit.net 00:00:00.06]   Discovering: Elsa.DevOps.GitHub.UnitTests
[xUnit.net 00:00:00.08]   Discovered:  Elsa.DevOps.GitHub.UnitTests
[xUnit.net 00:00:00.10]   Starting:    Elsa.DevOps.GitHub.UnitTests
[xUnit.net 00:00:00.43]   Finished:    Elsa.DevOps.GitHub.UnitTests
</StdOut>
    </Output>
  </ResultSummary>
</TestRun>